[0.423s] DEBUG:colcon:Command line arguments: ['/usr/bin/colcon', 'build', '--packages-select', 'mars_rover_navigation']
[0.423s] DEBUG:colcon:Parsed command line arguments: Namespace(log_base=None, log_level=None, verb_name='build', build_base='build', install_base='install', merge_install=False, symlink_install=False, test_result_base=None, continue_on_error=False, executor='parallel', parallel_workers=4, event_handlers=None, ignore_user_meta=False, metas=['./colcon.meta'], base_paths=['.'], packages_ignore=None, packages_ignore_regex=None, paths=None, packages_up_to=None, packages_up_to_regex=None, packages_above=None, packages_above_and_dependencies=None, packages_above_depth=None, packages_select_by_dep=None, packages_skip_by_dep=None, packages_skip_up_to=None, packages_select_build_failed=False, packages_skip_build_finished=False, packages_select_test_failures=False, packages_skip_test_passed=False, packages_select=['mars_rover_navigation'], packages_skip=None, packages_select_regex=None, packages_skip_regex=None, packages_start=None, packages_end=None, allow_overriding=[], cmake_args=None, cmake_target=None, cmake_target_skip_unavailable=False, cmake_clean_cache=False, cmake_clean_first=False, cmake_force_configure=False, ament_cmake_args=None, catkin_cmake_args=None, catkin_skip_building_tests=False, mixin_files=None, mixin=None, verb_parser=<colcon_mixin.mixin.mixin_argument.MixinArgumentDecorator object at 0x7577bb0548f0>, verb_extension=<colcon_core.verb.build.BuildVerb object at 0x7577bb054290>, main=<bound method BuildVerb.main of <colcon_core.verb.build.BuildVerb object at 0x7577bb054290>>, mixin_verb=('build',))
[0.509s] Level 1:colcon.colcon_core.package_discovery:discover_packages(colcon_meta) check parameters
[0.509s] Level 1:colcon.colcon_core.package_discovery:discover_packages(recursive) check parameters
[0.509s] Level 1:colcon.colcon_core.package_discovery:discover_packages(ignore) check parameters
[0.510s] Level 1:colcon.colcon_core.package_discovery:discover_packages(path) check parameters
[0.510s] Level 1:colcon.colcon_core.package_discovery:discover_packages(colcon_meta) discover
[0.510s] Level 1:colcon.colcon_core.package_discovery:discover_packages(recursive) discover
[0.510s] INFO:colcon.colcon_core.package_discovery:Crawling recursively for packages in '/home/farhan/mars_nav'
[0.510s] Level 1:colcon.colcon_core.package_identification:_identify(.) by extensions ['ignore', 'ignore_ament_install']
[0.510s] Level 1:colcon.colcon_core.package_identification:_identify(.) by extension 'ignore'
[0.510s] Level 1:colcon.colcon_core.package_identification:_identify(.) by extension 'ignore_ament_install'
[0.510s] Level 1:colcon.colcon_core.package_identification:_identify(.) by extensions ['colcon_pkg']
[0.510s] Level 1:colcon.colcon_core.package_identification:_identify(.) by extension 'colcon_pkg'
[0.510s] Level 1:colcon.colcon_core.package_identification:_identify(.) by extensions ['colcon_meta']
[0.511s] Level 1:colcon.colcon_core.package_identification:_identify(.) by extension 'colcon_meta'
[0.511s] Level 1:colcon.colcon_core.package_identification:_identify(.) by extensions ['ros']
[0.511s] Level 1:colcon.colcon_core.package_identification:_identify(.) by extension 'ros'
[0.557s] Level 1:colcon.colcon_core.package_identification:_identify(.) by extensions ['cmake', 'python']
[0.557s] Level 1:colcon.colcon_core.package_identification:_identify(.) by extension 'cmake'
[0.557s] Level 1:colcon.colcon_core.package_identification:_identify(.) by extension 'python'
[0.557s] Level 1:colcon.colcon_core.package_identification:_identify(.) by extensions ['python_setup_py']
[0.557s] Level 1:colcon.colcon_core.package_identification:_identify(.) by extension 'python_setup_py'
[0.557s] Level 1:colcon.colcon_core.package_identification:_identify(build) by extensions ['ignore', 'ignore_ament_install']
[0.557s] Level 1:colcon.colcon_core.package_identification:_identify(build) by extension 'ignore'
[0.557s] Level 1:colcon.colcon_core.package_identification:_identify(build) ignored
[0.558s] Level 1:colcon.colcon_core.package_identification:_identify(install) by extensions ['ignore', 'ignore_ament_install']
[0.558s] Level 1:colcon.colcon_core.package_identification:_identify(install) by extension 'ignore'
[0.558s] Level 1:colcon.colcon_core.package_identification:_identify(install) ignored
[0.558s] Level 1:colcon.colcon_core.package_identification:_identify(log) by extensions ['ignore', 'ignore_ament_install']
[0.558s] Level 1:colcon.colcon_core.package_identification:_identify(log) by extension 'ignore'
[0.558s] Level 1:colcon.colcon_core.package_identification:_identify(log) ignored
[0.558s] Level 1:colcon.colcon_core.package_identification:_identify(src) by extensions ['ignore', 'ignore_ament_install']
[0.559s] Level 1:colcon.colcon_core.package_identification:_identify(src) by extension 'ignore'
[0.559s] Level 1:colcon.colcon_core.package_identification:_identify(src) by extension 'ignore_ament_install'
[0.559s] Level 1:colcon.colcon_core.package_identification:_identify(src) by extensions ['colcon_pkg']
[0.559s] Level 1:colcon.colcon_core.package_identification:_identify(src) by extension 'colcon_pkg'
[0.559s] Level 1:colcon.colcon_core.package_identification:_identify(src) by extensions ['colcon_meta']
[0.559s] Level 1:colcon.colcon_core.package_identification:_identify(src) by extension 'colcon_meta'
[0.559s] Level 1:colcon.colcon_core.package_identification:_identify(src) by extensions ['ros']
[0.559s] Level 1:colcon.colcon_core.package_identification:_identify(src) by extension 'ros'
[0.559s] Level 1:colcon.colcon_core.package_identification:_identify(src) by extensions ['cmake', 'python']
[0.559s] Level 1:colcon.colcon_core.package_identification:_identify(src) by extension 'cmake'
[0.559s] Level 1:colcon.colcon_core.package_identification:_identify(src) by extension 'python'
[0.559s] Level 1:colcon.colcon_core.package_identification:_identify(src) by extensions ['python_setup_py']
[0.559s] Level 1:colcon.colcon_core.package_identification:_identify(src) by extension 'python_setup_py'
[0.560s] Level 1:colcon.colcon_core.package_identification:_identify(src/build) by extensions ['ignore', 'ignore_ament_install']
[0.560s] Level 1:colcon.colcon_core.package_identification:_identify(src/build) by extension 'ignore'
[0.560s] Level 1:colcon.colcon_core.package_identification:_identify(src/build) ignored
[0.560s] Level 1:colcon.colcon_core.package_identification:_identify(src/install) by extensions ['ignore', 'ignore_ament_install']
[0.560s] Level 1:colcon.colcon_core.package_identification:_identify(src/install) by extension 'ignore'
[0.560s] Level 1:colcon.colcon_core.package_identification:_identify(src/install) ignored
[0.560s] Level 1:colcon.colcon_core.package_identification:_identify(src/log) by extensions ['ignore', 'ignore_ament_install']
[0.560s] Level 1:colcon.colcon_core.package_identification:_identify(src/log) by extension 'ignore'
[0.560s] Level 1:colcon.colcon_core.package_identification:_identify(src/log) ignored
[0.561s] Level 1:colcon.colcon_core.package_identification:_identify(src/mars_rover_navigation) by extensions ['ignore', 'ignore_ament_install']
[0.561s] Level 1:colcon.colcon_core.package_identification:_identify(src/mars_rover_navigation) by extension 'ignore'
[0.561s] Level 1:colcon.colcon_core.package_identification:_identify(src/mars_rover_navigation) by extension 'ignore_ament_install'
[0.561s] Level 1:colcon.colcon_core.package_identification:_identify(src/mars_rover_navigation) by extensions ['colcon_pkg']
[0.561s] Level 1:colcon.colcon_core.package_identification:_identify(src/mars_rover_navigation) by extension 'colcon_pkg'
[0.561s] Level 1:colcon.colcon_core.package_identification:_identify(src/mars_rover_navigation) by extensions ['colcon_meta']
[0.561s] Level 1:colcon.colcon_core.package_identification:_identify(src/mars_rover_navigation) by extension 'colcon_meta'
[0.561s] Level 1:colcon.colcon_core.package_identification:_identify(src/mars_rover_navigation) by extensions ['ros']
[0.561s] Level 1:colcon.colcon_core.package_identification:_identify(src/mars_rover_navigation) by extension 'ros'
[0.567s] DEBUG:colcon.colcon_core.package_identification:Package 'src/mars_rover_navigation' with type 'ros.ament_cmake' and name 'mars_rover_navigation'
[0.567s] Level 1:colcon.colcon_core.package_discovery:discover_packages(recursive) using defaults
[0.567s] Level 1:colcon.colcon_core.package_discovery:discover_packages(ignore) discover
[0.567s] Level 1:colcon.colcon_core.package_discovery:discover_packages(ignore) using defaults
[0.567s] Level 1:colcon.colcon_core.package_discovery:discover_packages(path) discover
[0.568s] Level 1:colcon.colcon_core.package_discovery:discover_packages(path) using defaults
[0.603s] Level 1:colcon.colcon_core.package_discovery:discover_packages(prefix_path) check parameters
[0.603s] Level 1:colcon.colcon_core.package_discovery:discover_packages(prefix_path) discover
[0.609s] DEBUG:colcon.colcon_installed_package_information.package_discovery:Found 3 installed packages in /home/farhan/turtlebot3_ws/install
[0.613s] DEBUG:colcon.colcon_installed_package_information.package_discovery:Found 481 installed packages in /opt/ros/jazzy
[0.617s] Level 1:colcon.colcon_core.package_discovery:discover_packages(prefix_path) using defaults
[0.731s] Level 5:colcon.colcon_core.verb:set package 'mars_rover_navigation' build argument 'cmake_args' from command line to 'None'
[0.732s] Level 5:colcon.colcon_core.verb:set package 'mars_rover_navigation' build argument 'cmake_target' from command line to 'None'
[0.732s] Level 5:colcon.colcon_core.verb:set package 'mars_rover_navigation' build argument 'cmake_target_skip_unavailable' from command line to 'False'
[0.732s] Level 5:colcon.colcon_core.verb:set package 'mars_rover_navigation' build argument 'cmake_clean_cache' from command line to 'False'
[0.732s] Level 5:colcon.colcon_core.verb:set package 'mars_rover_navigation' build argument 'cmake_clean_first' from command line to 'False'
[0.732s] Level 5:colcon.colcon_core.verb:set package 'mars_rover_navigation' build argument 'cmake_force_configure' from command line to 'False'
[0.732s] Level 5:colcon.colcon_core.verb:set package 'mars_rover_navigation' build argument 'ament_cmake_args' from command line to 'None'
[0.732s] Level 5:colcon.colcon_core.verb:set package 'mars_rover_navigation' build argument 'catkin_cmake_args' from command line to 'None'
[0.732s] Level 5:colcon.colcon_core.verb:set package 'mars_rover_navigation' build argument 'catkin_skip_building_tests' from command line to 'False'
[0.732s] DEBUG:colcon.colcon_core.verb:Building package 'mars_rover_navigation' with the following arguments: {'ament_cmake_args': None, 'build_base': '/home/farhan/mars_nav/build/mars_rover_navigation', 'catkin_cmake_args': None, 'catkin_skip_building_tests': False, 'cmake_args': None, 'cmake_clean_cache': False, 'cmake_clean_first': False, 'cmake_force_configure': False, 'cmake_target': None, 'cmake_target_skip_unavailable': False, 'install_base': '/home/farhan/mars_nav/install/mars_rover_navigation', 'merge_install': False, 'path': '/home/farhan/mars_nav/src/mars_rover_navigation', 'symlink_install': False, 'test_result_base': None}
[0.732s] INFO:colcon.colcon_core.executor:Executing jobs using 'parallel' executor
[0.733s] DEBUG:colcon.colcon_parallel_executor.executor.parallel:run_until_complete
[0.734s] INFO:colcon.colcon_ros.task.ament_cmake.build:Building ROS package in '/home/farhan/mars_nav/src/mars_rover_navigation' with build type 'ament_cmake'
[0.734s] INFO:colcon.colcon_cmake.task.cmake.build:Building CMake package in '/home/farhan/mars_nav/src/mars_rover_navigation'
[0.748s] INFO:colcon.colcon_core.plugin_system:Skipping extension 'colcon_core.shell.bat': Not used on non-Windows systems
[0.749s] INFO:colcon.colcon_core.shell:Skip shell extension 'powershell' for command environment: Not usable outside of PowerShell
[0.749s] DEBUG:colcon.colcon_core.shell:Skip shell extension 'dsv' for command environment
[0.767s] DEBUG:colcon.colcon_core.event_handler.log_command:Invoking command in '/home/farhan/mars_nav/build/mars_rover_navigation': CMAKE_PREFIX_PATH=${CMAKE_PREFIX_PATH}:/opt/ros/jazzy DEBUGINFOD_URLS=https://debuginfod.ubuntu.com /usr/bin/cmake /home/farhan/mars_nav/src/mars_rover_navigation -DCMAKE_INSTALL_PREFIX=/home/farhan/mars_nav/install/mars_rover_navigation
[3.906s] DEBUG:colcon.colcon_core.event_handler.log_command:Invoked command in '/home/farhan/mars_nav/build/mars_rover_navigation' returned '0': CMAKE_PREFIX_PATH=${CMAKE_PREFIX_PATH}:/opt/ros/jazzy DEBUGINFOD_URLS=https://debuginfod.ubuntu.com /usr/bin/cmake /home/farhan/mars_nav/src/mars_rover_navigation -DCMAKE_INSTALL_PREFIX=/home/farhan/mars_nav/install/mars_rover_navigation
[3.909s] DEBUG:colcon.colcon_core.event_handler.log_command:Invoking command in '/home/farhan/mars_nav/build/mars_rover_navigation': CMAKE_PREFIX_PATH=${CMAKE_PREFIX_PATH}:/opt/ros/jazzy DEBUGINFOD_URLS=https://debuginfod.ubuntu.com /usr/bin/cmake --build /home/farhan/mars_nav/build/mars_rover_navigation -- -j4 -l4
[18.309s] DEBUG:colcon.colcon_core.event_handler.log_command:Invoked command in '/home/farhan/mars_nav/build/mars_rover_navigation' returned '0': CMAKE_PREFIX_PATH=${CMAKE_PREFIX_PATH}:/opt/ros/jazzy DEBUGINFOD_URLS=https://debuginfod.ubuntu.com /usr/bin/cmake --build /home/farhan/mars_nav/build/mars_rover_navigation -- -j4 -l4
[18.337s] DEBUG:colcon.colcon_core.event_handler.log_command:Invoking command in '/home/farhan/mars_nav/build/mars_rover_navigation': CMAKE_PREFIX_PATH=${CMAKE_PREFIX_PATH}:/opt/ros/jazzy DEBUGINFOD_URLS=https://debuginfod.ubuntu.com /usr/bin/cmake --install /home/farhan/mars_nav/build/mars_rover_navigation
[18.378s] Level 1:colcon.colcon_core.environment:create_environment_scripts_only(mars_rover_navigation)
[18.380s] DEBUG:colcon.colcon_core.event_handler.log_command:Invoked command in '/home/farhan/mars_nav/build/mars_rover_navigation' returned '0': CMAKE_PREFIX_PATH=${CMAKE_PREFIX_PATH}:/opt/ros/jazzy DEBUGINFOD_URLS=https://debuginfod.ubuntu.com /usr/bin/cmake --install /home/farhan/mars_nav/build/mars_rover_navigation
[18.391s] Level 1:colcon.colcon_core.environment:checking '/home/farhan/mars_nav/install/mars_rover_navigation' for CMake module files
[18.392s] Level 1:colcon.colcon_core.environment:checking '/home/farhan/mars_nav/install/mars_rover_navigation' for CMake config files
[18.393s] Level 1:colcon.colcon_core.shell:create_environment_hook('mars_rover_navigation', 'cmake_prefix_path')
[18.393s] INFO:colcon.colcon_core.shell:Creating environment hook '/home/farhan/mars_nav/install/mars_rover_navigation/share/mars_rover_navigation/hook/cmake_prefix_path.ps1'
[18.395s] INFO:colcon.colcon_core.shell:Creating environment descriptor '/home/farhan/mars_nav/install/mars_rover_navigation/share/mars_rover_navigation/hook/cmake_prefix_path.dsv'
[18.396s] INFO:colcon.colcon_core.shell:Creating environment hook '/home/farhan/mars_nav/install/mars_rover_navigation/share/mars_rover_navigation/hook/cmake_prefix_path.sh'
[18.398s] Level 1:colcon.colcon_core.environment:checking '/home/farhan/mars_nav/install/mars_rover_navigation/lib'
[18.398s] Level 1:colcon.colcon_core.environment:checking '/home/farhan/mars_nav/install/mars_rover_navigation/bin'
[18.398s] Level 1:colcon.colcon_core.environment:checking '/home/farhan/mars_nav/install/mars_rover_navigation/lib/pkgconfig/mars_rover_navigation.pc'
[18.399s] Level 1:colcon.colcon_core.environment:checking '/home/farhan/mars_nav/install/mars_rover_navigation/lib/python3.12/site-packages'
[18.399s] Level 1:colcon.colcon_core.environment:checking '/home/farhan/mars_nav/install/mars_rover_navigation/bin'
[18.400s] INFO:colcon.colcon_core.shell:Creating package script '/home/farhan/mars_nav/install/mars_rover_navigation/share/mars_rover_navigation/package.ps1'
[18.401s] INFO:colcon.colcon_core.shell:Creating package descriptor '/home/farhan/mars_nav/install/mars_rover_navigation/share/mars_rover_navigation/package.dsv'
[18.402s] INFO:colcon.colcon_core.shell:Creating package script '/home/farhan/mars_nav/install/mars_rover_navigation/share/mars_rover_navigation/package.sh'
[18.404s] INFO:colcon.colcon_core.shell:Creating package script '/home/farhan/mars_nav/install/mars_rover_navigation/share/mars_rover_navigation/package.bash'
[18.405s] INFO:colcon.colcon_core.shell:Creating package script '/home/farhan/mars_nav/install/mars_rover_navigation/share/mars_rover_navigation/package.zsh'
[18.406s] Level 1:colcon.colcon_core.environment:create_file_with_runtime_dependencies(/home/farhan/mars_nav/install/mars_rover_navigation/share/colcon-core/packages/mars_rover_navigation)
[18.407s] Level 1:colcon.colcon_core.environment:create_environment_scripts_only(mars_rover_navigation)
[18.408s] Level 1:colcon.colcon_core.environment:checking '/home/farhan/mars_nav/install/mars_rover_navigation' for CMake module files
[18.409s] Level 1:colcon.colcon_core.environment:checking '/home/farhan/mars_nav/install/mars_rover_navigation' for CMake config files
[18.409s] Level 1:colcon.colcon_core.shell:create_environment_hook('mars_rover_navigation', 'cmake_prefix_path')
[18.410s] INFO:colcon.colcon_core.shell:Creating environment hook '/home/farhan/mars_nav/install/mars_rover_navigation/share/mars_rover_navigation/hook/cmake_prefix_path.ps1'
[18.411s] INFO:colcon.colcon_core.shell:Creating environment descriptor '/home/farhan/mars_nav/install/mars_rover_navigation/share/mars_rover_navigation/hook/cmake_prefix_path.dsv'
[18.411s] INFO:colcon.colcon_core.shell:Creating environment hook '/home/farhan/mars_nav/install/mars_rover_navigation/share/mars_rover_navigation/hook/cmake_prefix_path.sh'
[18.413s] Level 1:colcon.colcon_core.environment:checking '/home/farhan/mars_nav/install/mars_rover_navigation/lib'
[18.413s] Level 1:colcon.colcon_core.environment:checking '/home/farhan/mars_nav/install/mars_rover_navigation/bin'
[18.413s] Level 1:colcon.colcon_core.environment:checking '/home/farhan/mars_nav/install/mars_rover_navigation/lib/pkgconfig/mars_rover_navigation.pc'
[18.413s] Level 1:colcon.colcon_core.environment:checking '/home/farhan/mars_nav/install/mars_rover_navigation/lib/python3.12/site-packages'
[18.414s] Level 1:colcon.colcon_core.environment:checking '/home/farhan/mars_nav/install/mars_rover_navigation/bin'
[18.414s] INFO:colcon.colcon_core.shell:Creating package script '/home/farhan/mars_nav/install/mars_rover_navigation/share/mars_rover_navigation/package.ps1'
[18.415s] INFO:colcon.colcon_core.shell:Creating package descriptor '/home/farhan/mars_nav/install/mars_rover_navigation/share/mars_rover_navigation/package.dsv'
[18.416s] INFO:colcon.colcon_core.shell:Creating package script '/home/farhan/mars_nav/install/mars_rover_navigation/share/mars_rover_navigation/package.sh'
[18.417s] INFO:colcon.colcon_core.shell:Creating package script '/home/farhan/mars_nav/install/mars_rover_navigation/share/mars_rover_navigation/package.bash'
[18.419s] INFO:colcon.colcon_core.shell:Creating package script '/home/farhan/mars_nav/install/mars_rover_navigation/share/mars_rover_navigation/package.zsh'
[18.420s] Level 1:colcon.colcon_core.environment:create_file_with_runtime_dependencies(/home/farhan/mars_nav/install/mars_rover_navigation/share/colcon-core/packages/mars_rover_navigation)
[18.421s] DEBUG:colcon.colcon_parallel_executor.executor.parallel:closing loop
[18.422s] DEBUG:colcon.colcon_parallel_executor.executor.parallel:loop closed
[18.423s] DEBUG:colcon.colcon_parallel_executor.executor.parallel:run_until_complete finished with '0'
[18.424s] DEBUG:colcon.colcon_core.event_reactor:joining thread
[18.448s] INFO:colcon.colcon_core.plugin_system:Skipping extension 'colcon_notification.desktop_notification.terminal_notifier': Not used on non-Darwin systems
[18.448s] INFO:colcon.colcon_core.plugin_system:Skipping extension 'colcon_notification.desktop_notification.win32': Not used on non-Windows systems
[18.448s] INFO:colcon.colcon_notification.desktop_notification:Sending desktop notification using 'notify2'
[18.482s] DEBUG:colcon.colcon_core.event_reactor:joined thread
[18.483s] INFO:colcon.colcon_core.shell:Creating prefix script '/home/farhan/mars_nav/install/local_setup.ps1'
[18.485s] INFO:colcon.colcon_core.shell:Creating prefix util module '/home/farhan/mars_nav/install/_local_setup_util_ps1.py'
[18.487s] INFO:colcon.colcon_core.shell:Creating prefix chain script '/home/farhan/mars_nav/install/setup.ps1'
[18.491s] INFO:colcon.colcon_core.shell:Creating prefix script '/home/farhan/mars_nav/install/local_setup.sh'
[18.492s] INFO:colcon.colcon_core.shell:Creating prefix util module '/home/farhan/mars_nav/install/_local_setup_util_sh.py'
[18.494s] INFO:colcon.colcon_core.shell:Creating prefix chain script '/home/farhan/mars_nav/install/setup.sh'
[18.499s] INFO:colcon.colcon_core.shell:Creating prefix script '/home/farhan/mars_nav/install/local_setup.bash'
[18.501s] INFO:colcon.colcon_core.shell:Creating prefix chain script '/home/farhan/mars_nav/install/setup.bash'
[18.504s] INFO:colcon.colcon_core.shell:Creating prefix script '/home/farhan/mars_nav/install/local_setup.zsh'
[18.505s] INFO:colcon.colcon_core.shell:Creating prefix chain script '/home/farhan/mars_nav/install/setup.zsh'
