-- The C compiler identification is GNU 12.3.0
-- The CXX compiler identification is GNU 12.3.0
-- Detecting C compiler ABI info
-- Detecting C compiler ABI info - done
-- Check for working C compiler: /usr/bin/cc - skipped
-- Detecting C compile features
-- Detecting C compile features - done
-- Detecting CXX compiler ABI info
-- Detecting CXX compiler ABI info - done
-- Check for working CXX compiler: /usr/bin/c++ - skipped
-- Detecting CXX compile features
-- Detecting CXX compile features - done
-- Found ament_cmake: 2.5.4 (/opt/ros/jazzy/share/ament_cmake/cmake)
-- Found Python3: /usr/bin/python3 (found version "3.12.3") found components: Interpreter 
-- Found rclcpp: 28.1.9 (/opt/ros/jazzy/share/rclcpp/cmake)
-- Found rosidl_generator_c: 4.6.5 (/opt/ros/jazzy/share/rosidl_generator_c/cmake)
-- Found rosidl_generator_cpp: 4.6.5 (/opt/ros/jazzy/share/rosidl_generator_cpp/cmake)
-- Using all available rosidl_typesupport_c: rosidl_typesupport_fastrtps_c;rosidl_typesupport_introspection_c
-- Using all available rosidl_typesupport_cpp: rosidl_typesupport_fastrtps_cpp;rosidl_typesupport_introspection_cpp
-- Found rmw_implementation_cmake: 7.3.2 (/opt/ros/jazzy/share/rmw_implementation_cmake/cmake)
-- Found rmw_fastrtps_cpp: 8.4.2 (/opt/ros/jazzy/share/rmw_fastrtps_cpp/cmake)
-- Found OpenSSL: /usr/lib/x86_64-linux-gnu/libcrypto.so (found version "3.0.13")  
-- Found FastRTPS: /opt/ros/jazzy/include (Required is at least version "2.13") 
-- Using RMW implementation 'rmw_fastrtps_cpp' as default
-- Found std_msgs: 5.3.6 (/opt/ros/jazzy/share/std_msgs/cmake)
-- Found geometry_msgs: 5.3.6 (/opt/ros/jazzy/share/geometry_msgs/cmake)
-- Found sensor_msgs: 5.3.6 (/opt/ros/jazzy/share/sensor_msgs/cmake)
-- Found nav_msgs: 5.3.6 (/opt/ros/jazzy/share/nav_msgs/cmake)
-- Configuring done (3.0s)
-- Generating done (0.0s)
-- Build files have been written to: /home/farhan/mars_nav/build/mars_rover_navigation
[ 50%] [32mBuilding CXX object CMakeFiles/autonomous_navigator.dir/src/autonomous_navigator.cpp.o[0m
[100%] [32m[1mLinking CXX executable autonomous_navigator[0m
[100%] Built target autonomous_navigator
-- Install configuration: ""
-- Installing: /home/farhan/mars_nav/install/mars_rover_navigation/lib/mars_rover_navigation/autonomous_navigator
-- Set non-toolchain portion of runtime path of "/home/farhan/mars_nav/install/mars_rover_navigation/lib/mars_rover_navigation/autonomous_navigator" to ""
-- Installing: /home/farhan/mars_nav/install/mars_rover_navigation/share/mars_rover_navigation/launch/
-- Installing: /home/farhan/mars_nav/install/mars_rover_navigation/share/mars_rover_navigation/launch//mars_rover_launch.py
-- Installing: /home/farhan/mars_nav/install/mars_rover_navigation/share/mars_rover_navigation/config/
-- Installing: /home/farhan/mars_nav/install/mars_rover_navigation/share/mars_rover_navigation/config//ros2_controller.yaml
-- Installing: /home/farhan/mars_nav/install/mars_rover_navigation/share/mars_rover_navigation/config//nav2_params.yaml
-- Installing: /home/farhan/mars_nav/install/mars_rover_navigation/share/mars_rover_navigation/config//waypoints_example.yaml
-- Installing: /home/farhan/mars_nav/install/mars_rover_navigation/share/mars_rover_navigation/urdf/
-- Installing: /home/farhan/mars_nav/install/mars_rover_navigation/share/mars_rover_navigation/urdf//mars_rover.urdf.xacro
-- Installing: /home/farhan/mars_nav/install/mars_rover_navigation/share/mars_rover_navigation/urdf//mars_rover.gazebo
-- Installing: /home/farhan/mars_nav/install/mars_rover_navigation/share/mars_rover_navigation/urdf//materials.xacro
-- Installing: /home/farhan/mars_nav/install/mars_rover_navigation/share/mars_rover_navigation/worlds/
-- Installing: /home/farhan/mars_nav/install/mars_rover_navigation/share/ament_index/resource_index/package_run_dependencies/mars_rover_navigation
-- Installing: /home/farhan/mars_nav/install/mars_rover_navigation/share/ament_index/resource_index/parent_prefix_path/mars_rover_navigation
-- Installing: /home/farhan/mars_nav/install/mars_rover_navigation/share/mars_rover_navigation/environment/ament_prefix_path.sh
-- Installing: /home/farhan/mars_nav/install/mars_rover_navigation/share/mars_rover_navigation/environment/ament_prefix_path.dsv
-- Installing: /home/farhan/mars_nav/install/mars_rover_navigation/share/mars_rover_navigation/environment/path.sh
-- Installing: /home/farhan/mars_nav/install/mars_rover_navigation/share/mars_rover_navigation/environment/path.dsv
-- Installing: /home/farhan/mars_nav/install/mars_rover_navigation/share/mars_rover_navigation/local_setup.bash
-- Installing: /home/farhan/mars_nav/install/mars_rover_navigation/share/mars_rover_navigation/local_setup.sh
-- Installing: /home/farhan/mars_nav/install/mars_rover_navigation/share/mars_rover_navigation/local_setup.zsh
-- Installing: /home/farhan/mars_nav/install/mars_rover_navigation/share/mars_rover_navigation/local_setup.dsv
-- Installing: /home/farhan/mars_nav/install/mars_rover_navigation/share/mars_rover_navigation/package.dsv
-- Installing: /home/farhan/mars_nav/install/mars_rover_navigation/share/ament_index/resource_index/packages/mars_rover_navigation
-- Installing: /home/farhan/mars_nav/install/mars_rover_navigation/share/mars_rover_navigation/cmake/mars_rover_navigationConfig.cmake
-- Installing: /home/farhan/mars_nav/install/mars_rover_navigation/share/mars_rover_navigation/cmake/mars_rover_navigationConfig-version.cmake
-- Installing: /home/farhan/mars_nav/install/mars_rover_navigation/share/mars_rover_navigation/package.xml
