[0.033s] Invoking command in '/home/farhan/mars_nav/src/build/mars_rover_navigation': CMAKE_PREFIX_PATH=${CMAKE_PREFIX_PATH}:/opt/ros/jazzy DEBUGINFOD_URLS=https://debuginfod.ubuntu.com /usr/bin/cmake /home/farhan/mars_nav/src/mars_rover_navigation -DCMAKE_INSTALL_PREFIX=/home/farhan/mars_nav/src/install/mars_rover_navigation
[0.535s] -- The C compiler identification is GNU 12.3.0
[0.944s] -- The CXX compiler identification is GNU 12.3.0
[0.990s] -- Detecting C compiler ABI info
[1.215s] -- Detecting C compiler ABI info - done
[1.236s] -- Check for working C compiler: /usr/bin/cc - skipped
[1.237s] -- Detecting C compile features
[1.239s] -- Detecting C compile features - done
[1.261s] -- Detecting CXX compiler ABI info
[1.531s] -- Detecting CXX compiler ABI info - done
[1.552s] -- Check for working CXX compiler: /usr/bin/c++ - skipped
[1.553s] -- Detecting CXX compile features
[1.554s] -- Detecting CXX compile features - done
[1.591s] -- Found ament_cmake: 2.5.4 (/opt/ros/jazzy/share/ament_cmake/cmake)
[1.976s] -- Found Python3: /usr/bin/python3 (found version "3.12.3") found components: Interpreter 
[2.338s] -- Found rclcpp: 28.1.9 (/opt/ros/jazzy/share/rclcpp/cmake)
[2.517s] -- Found rosidl_generator_c: 4.6.5 (/opt/ros/jazzy/share/rosidl_generator_c/cmake)
[2.579s] -- Found rosidl_generator_cpp: 4.6.5 (/opt/ros/jazzy/share/rosidl_generator_cpp/cmake)
[2.659s] -- Using all available rosidl_typesupport_c: rosidl_typesupport_fastrtps_c;rosidl_typesupport_introspection_c
[2.730s] -- Using all available rosidl_typesupport_cpp: rosidl_typesupport_fastrtps_cpp;rosidl_typesupport_introspection_cpp
[2.997s] -- Found rmw_implementation_cmake: 7.3.2 (/opt/ros/jazzy/share/rmw_implementation_cmake/cmake)
[3.012s] -- Found rmw_fastrtps_cpp: 8.4.2 (/opt/ros/jazzy/share/rmw_fastrtps_cpp/cmake)
[3.443s] -- Found OpenSSL: /usr/lib/x86_64-linux-gnu/libcrypto.so (found version "3.0.13")  
[3.535s] -- Found FastRTPS: /opt/ros/jazzy/include (Required is at least version "2.13") 
[3.593s] -- Using RMW implementation 'rmw_fastrtps_cpp' as default
[3.848s] -- Found rclpy: 7.1.4 (/opt/ros/jazzy/share/rclpy/cmake)
[3.860s] -- Found std_msgs: 5.3.6 (/opt/ros/jazzy/share/std_msgs/cmake)
[3.909s] -- Found geometry_msgs: 5.3.6 (/opt/ros/jazzy/share/geometry_msgs/cmake)
[3.965s] -- Found sensor_msgs: 5.3.6 (/opt/ros/jazzy/share/sensor_msgs/cmake)
[4.035s] -- Found nav_msgs: 5.3.6 (/opt/ros/jazzy/share/nav_msgs/cmake)
[4.126s] -- Found tf2: 0.36.12 (/opt/ros/jazzy/share/tf2/cmake)
[4.150s] -- Found tf2_ros: 0.36.12 (/opt/ros/jazzy/share/tf2_ros/cmake)
[4.614s] -- Found tf2_geometry_msgs: 0.36.11 (/opt/ros/jazzy/share/tf2_geometry_msgs/cmake)
[4.688s] -- Found eigen3_cmake_module: 0.3.0 (/opt/ros/jazzy/share/eigen3_cmake_module/cmake)
[4.692s] -- Found Eigen3: TRUE (found version "3.4.0") 
[4.692s] -- Ensuring Eigen3 include directory is part of orocos-kdl CMake target
[4.706s] -- Found nav2_common: 1.3.6 (/opt/ros/jazzy/share/nav2_common/cmake)
[4.719s] -- Found nav2_msgs: 1.3.6 (/opt/ros/jazzy/share/nav2_msgs/cmake)
[4.950s] -- Found nav2_util: 1.3.6 (/opt/ros/jazzy/share/nav2_util/cmake)
[5.230s] [31mCMake Error at CMakeLists.txt:32 (find_package):
[5.230s]   By not providing "Findnav2_simple_commander.cmake" in CMAKE_MODULE_PATH
[5.230s]   this project has asked CMake to find a package configuration file provided
[5.230s]   by "nav2_simple_commander", but CMake did not find one.
[5.230s] 
[5.231s]   Could not find a package configuration file provided by
[5.231s]   "nav2_simple_commander" with any of the following names:
[5.231s] 
[5.231s]     nav2_simple_commanderConfig.cmake
[5.231s]     nav2_simple_commander-config.cmake
[5.231s] 
[5.231s]   Add the installation prefix of "nav2_simple_commander" to CMAKE_PREFIX_PATH
[5.232s]   or set "nav2_simple_commander_DIR" to a directory containing one of the
[5.232s]   above files.  If "nav2_simple_commander" provides a separate development
[5.232s]   package or SDK, be sure it has been installed.
[5.232s] 
[5.232s] [0m
[5.232s] -- Configuring incomplete, errors occurred!
[5.252s] Invoked command in '/home/farhan/mars_nav/src/build/mars_rover_navigation' returned '1': CMAKE_PREFIX_PATH=${CMAKE_PREFIX_PATH}:/opt/ros/jazzy DEBUGINFOD_URLS=https://debuginfod.ubuntu.com /usr/bin/cmake /home/farhan/mars_nav/src/mars_rover_navigation -DCMAKE_INSTALL_PREFIX=/home/farhan/mars_nav/src/install/mars_rover_navigation
