-- Found ament_cmake: 2.5.4 (/opt/ros/jazzy/share/ament_cmake/cmake)
-- Found rclcpp: 28.1.9 (/opt/ros/jazzy/share/rclcpp/cmake)
-- Found rosidl_generator_c: 4.6.5 (/opt/ros/jazzy/share/rosidl_generator_c/cmake)
-- Found rosidl_generator_cpp: 4.6.5 (/opt/ros/jazzy/share/rosidl_generator_cpp/cmake)
-- Using all available rosidl_typesupport_c: rosidl_typesupport_fastrtps_c;rosidl_typesupport_introspection_c
-- Using all available rosidl_typesupport_cpp: rosidl_typesupport_fastrtps_cpp;rosidl_typesupport_introspection_cpp
-- Found rmw_implementation_cmake: 7.3.2 (/opt/ros/jazzy/share/rmw_implementation_cmake/cmake)
-- Found rmw_fastrtps_cpp: 8.4.2 (/opt/ros/jazzy/share/rmw_fastrtps_cpp/cmake)
-- Using RMW implementation 'rmw_fastrtps_cpp' as default
-- Found std_msgs: 5.3.6 (/opt/ros/jazzy/share/std_msgs/cmake)
-- Found geometry_msgs: 5.3.6 (/opt/ros/jazzy/share/geometry_msgs/cmake)
-- Found sensor_msgs: 5.3.6 (/opt/ros/jazzy/share/sensor_msgs/cmake)
-- Found nav_msgs: 5.3.6 (/opt/ros/jazzy/share/nav_msgs/cmake)
-- Configuring done (1.7s)
-- Generating done (0.0s)
-- Build files have been written to: /home/farhan/mars_nav/build/mars_rover_navigation
[100%] Built target autonomous_navigator
-- Install configuration: ""
-- Up-to-date: /home/farhan/mars_nav/install/mars_rover_navigation/lib/mars_rover_navigation/autonomous_navigator
-- Up-to-date: /home/farhan/mars_nav/install/mars_rover_navigation/share/mars_rover_navigation/launch/
-- Installing: /home/farhan/mars_nav/install/mars_rover_navigation/share/mars_rover_navigation/launch//gz_simulation.py
-- Up-to-date: /home/farhan/mars_nav/install/mars_rover_navigation/share/mars_rover_navigation/launch//mars_rover_launch.py
-- Up-to-date: /home/farhan/mars_nav/install/mars_rover_navigation/share/mars_rover_navigation/launch//gazebo_simulation.py
-- Up-to-date: /home/farhan/mars_nav/install/mars_rover_navigation/share/mars_rover_navigation/config/
-- Up-to-date: /home/farhan/mars_nav/install/mars_rover_navigation/share/mars_rover_navigation/config//ros2_controller.yaml
-- Up-to-date: /home/farhan/mars_nav/install/mars_rover_navigation/share/mars_rover_navigation/config//nav2_params.yaml
-- Up-to-date: /home/farhan/mars_nav/install/mars_rover_navigation/share/mars_rover_navigation/config//waypoints_example.yaml
-- Up-to-date: /home/farhan/mars_nav/install/mars_rover_navigation/share/mars_rover_navigation/urdf/
-- Installing: /home/farhan/mars_nav/install/mars_rover_navigation/share/mars_rover_navigation/urdf//mars_rover.urdf.xacro
-- Up-to-date: /home/farhan/mars_nav/install/mars_rover_navigation/share/mars_rover_navigation/urdf//mars_rover.gazebo
-- Up-to-date: /home/farhan/mars_nav/install/mars_rover_navigation/share/mars_rover_navigation/urdf//materials.xacro
-- Up-to-date: /home/farhan/mars_nav/install/mars_rover_navigation/share/mars_rover_navigation/worlds/
-- Installing: /home/farhan/mars_nav/install/mars_rover_navigation/share/mars_rover_navigation/worlds//mars_terrain.sdf
-- Installing: /home/farhan/mars_nav/install/mars_rover_navigation/share/ament_index/resource_index/package_run_dependencies/mars_rover_navigation
-- Installing: /home/farhan/mars_nav/install/mars_rover_navigation/share/ament_index/resource_index/parent_prefix_path/mars_rover_navigation
-- Up-to-date: /home/farhan/mars_nav/install/mars_rover_navigation/share/mars_rover_navigation/environment/ament_prefix_path.sh
-- Up-to-date: /home/farhan/mars_nav/install/mars_rover_navigation/share/mars_rover_navigation/environment/ament_prefix_path.dsv
-- Up-to-date: /home/farhan/mars_nav/install/mars_rover_navigation/share/mars_rover_navigation/environment/path.sh
-- Up-to-date: /home/farhan/mars_nav/install/mars_rover_navigation/share/mars_rover_navigation/environment/path.dsv
-- Up-to-date: /home/farhan/mars_nav/install/mars_rover_navigation/share/mars_rover_navigation/local_setup.bash
-- Up-to-date: /home/farhan/mars_nav/install/mars_rover_navigation/share/mars_rover_navigation/local_setup.sh
-- Up-to-date: /home/farhan/mars_nav/install/mars_rover_navigation/share/mars_rover_navigation/local_setup.zsh
-- Up-to-date: /home/farhan/mars_nav/install/mars_rover_navigation/share/mars_rover_navigation/local_setup.dsv
-- Installing: /home/farhan/mars_nav/install/mars_rover_navigation/share/mars_rover_navigation/package.dsv
-- Up-to-date: /home/farhan/mars_nav/install/mars_rover_navigation/share/ament_index/resource_index/packages/mars_rover_navigation
-- Up-to-date: /home/farhan/mars_nav/install/mars_rover_navigation/share/mars_rover_navigation/cmake/mars_rover_navigationConfig.cmake
-- Up-to-date: /home/farhan/mars_nav/install/mars_rover_navigation/share/mars_rover_navigation/cmake/mars_rover_navigationConfig-version.cmake
-- Installing: /home/farhan/mars_nav/install/mars_rover_navigation/share/mars_rover_navigation/package.xml
