[0.034s] Invoking command in '/home/farhan/mars_nav/build/mars_rover_navigation': CMAKE_PREFIX_PATH=${CMAKE_PREFIX_PATH}:/opt/ros/jazzy DEBUGINFOD_URLS=https://debuginfod.ubuntu.com /usr/bin/cmake --build /home/farhan/mars_nav/build/mars_rover_navigation -- -j4 -l4
[0.167s] [100%] Built target autonomous_navigator
[0.189s] Invoked command in '/home/farhan/mars_nav/build/mars_rover_navigation' returned '0': CMAKE_PREFIX_PATH=${CMAKE_PREFIX_PATH}:/opt/ros/jazzy DEBUGINFOD_URLS=https://debuginfod.ubuntu.com /usr/bin/cmake --build /home/farhan/mars_nav/build/mars_rover_navigation -- -j4 -l4
[0.212s] Invoking command in '/home/farhan/mars_nav/build/mars_rover_navigation': CMAKE_PREFIX_PATH=${CMAKE_PREFIX_PATH}:/opt/ros/jazzy DEBUGINFOD_URLS=https://debuginfod.ubuntu.com /usr/bin/cmake --install /home/farhan/mars_nav/build/mars_rover_navigation
[0.235s] -- Install configuration: ""
[0.235s] -- Up-to-date: /home/farhan/mars_nav/install/mars_rover_navigation/lib/mars_rover_navigation/autonomous_navigator
[0.236s] -- Up-to-date: /home/farhan/mars_nav/install/mars_rover_navigation/share/mars_rover_navigation/launch/
[0.236s] -- Up-to-date: /home/farhan/mars_nav/install/mars_rover_navigation/share/mars_rover_navigation/launch//mars_terrain_simulation.py
[0.237s] -- Up-to-date: /home/farhan/mars_nav/install/mars_rover_navigation/share/mars_rover_navigation/launch//gz_simulation.py
[0.237s] -- Up-to-date: /home/farhan/mars_nav/install/mars_rover_navigation/share/mars_rover_navigation/launch//mars_rover_launch.py
[0.237s] -- Up-to-date: /home/farhan/mars_nav/install/mars_rover_navigation/share/mars_rover_navigation/launch//gazebo_simulation.py
[0.238s] -- Up-to-date: /home/farhan/mars_nav/install/mars_rover_navigation/share/mars_rover_navigation/config/
[0.238s] -- Up-to-date: /home/farhan/mars_nav/install/mars_rover_navigation/share/mars_rover_navigation/config//ros2_controller.yaml
[0.238s] -- Up-to-date: /home/farhan/mars_nav/install/mars_rover_navigation/share/mars_rover_navigation/config//nav2_params.yaml
[0.238s] -- Up-to-date: /home/farhan/mars_nav/install/mars_rover_navigation/share/mars_rover_navigation/config//waypoints_example.yaml
[0.238s] -- Up-to-date: /home/farhan/mars_nav/install/mars_rover_navigation/share/mars_rover_navigation/urdf/
[0.239s] -- Up-to-date: /home/farhan/mars_nav/install/mars_rover_navigation/share/mars_rover_navigation/urdf//mars_rover.urdf.xacro
[0.239s] -- Up-to-date: /home/farhan/mars_nav/install/mars_rover_navigation/share/mars_rover_navigation/urdf//mars_rover.gazebo
[0.239s] -- Up-to-date: /home/farhan/mars_nav/install/mars_rover_navigation/share/mars_rover_navigation/urdf//materials.xacro
[0.240s] -- Up-to-date: /home/farhan/mars_nav/install/mars_rover_navigation/share/mars_rover_navigation/worlds/
[0.240s] -- Up-to-date: /home/farhan/mars_nav/install/mars_rover_navigation/share/mars_rover_navigation/worlds//advanced_mars_terrain.sdf
[0.240s] -- Installing: /home/farhan/mars_nav/install/mars_rover_navigation/share/mars_rover_navigation/worlds//realistic_mars_terrain.sdf
[0.240s] -- Up-to-date: /home/farhan/mars_nav/install/mars_rover_navigation/share/mars_rover_navigation/worlds//mars_terrain.sdf
[0.241s] -- Up-to-date: /home/farhan/mars_nav/install/mars_rover_navigation/share/ament_index/resource_index/package_run_dependencies/mars_rover_navigation
[0.241s] -- Up-to-date: /home/farhan/mars_nav/install/mars_rover_navigation/share/ament_index/resource_index/parent_prefix_path/mars_rover_navigation
[0.241s] -- Up-to-date: /home/farhan/mars_nav/install/mars_rover_navigation/share/mars_rover_navigation/environment/ament_prefix_path.sh
[0.241s] -- Up-to-date: /home/farhan/mars_nav/install/mars_rover_navigation/share/mars_rover_navigation/environment/ament_prefix_path.dsv
[0.241s] -- Up-to-date: /home/farhan/mars_nav/install/mars_rover_navigation/share/mars_rover_navigation/environment/path.sh
[0.242s] -- Up-to-date: /home/farhan/mars_nav/install/mars_rover_navigation/share/mars_rover_navigation/environment/path.dsv
[0.242s] -- Up-to-date: /home/farhan/mars_nav/install/mars_rover_navigation/share/mars_rover_navigation/local_setup.bash
[0.242s] -- Up-to-date: /home/farhan/mars_nav/install/mars_rover_navigation/share/mars_rover_navigation/local_setup.sh
[0.242s] -- Up-to-date: /home/farhan/mars_nav/install/mars_rover_navigation/share/mars_rover_navigation/local_setup.zsh
[0.242s] -- Up-to-date: /home/farhan/mars_nav/install/mars_rover_navigation/share/mars_rover_navigation/local_setup.dsv
[0.242s] -- Installing: /home/farhan/mars_nav/install/mars_rover_navigation/share/mars_rover_navigation/package.dsv
[0.243s] -- Up-to-date: /home/farhan/mars_nav/install/mars_rover_navigation/share/ament_index/resource_index/packages/mars_rover_navigation
[0.243s] -- Up-to-date: /home/farhan/mars_nav/install/mars_rover_navigation/share/mars_rover_navigation/cmake/mars_rover_navigationConfig.cmake
[0.243s] -- Up-to-date: /home/farhan/mars_nav/install/mars_rover_navigation/share/mars_rover_navigation/cmake/mars_rover_navigationConfig-version.cmake
[0.243s] -- Up-to-date: /home/farhan/mars_nav/install/mars_rover_navigation/share/mars_rover_navigation/package.xml
[0.244s] Invoked command in '/home/farhan/mars_nav/build/mars_rover_navigation' returned '0': CMAKE_PREFIX_PATH=${CMAKE_PREFIX_PATH}:/opt/ros/jazzy DEBUGINFOD_URLS=https://debuginfod.ubuntu.com /usr/bin/cmake --install /home/farhan/mars_nav/build/mars_rover_navigation
