[1.364s] DEBUG:colcon:Command line arguments: ['/usr/bin/colcon', 'build', '--packages-select', 'mars_rover_navigation']
[1.364s] DEBUG:colcon:Parsed command line arguments: Namespace(log_base=None, log_level=None, verb_name='build', build_base='build', install_base='install', merge_install=False, symlink_install=False, test_result_base=None, continue_on_error=False, executor='parallel', parallel_workers=4, event_handlers=None, ignore_user_meta=False, metas=['./colcon.meta'], base_paths=['.'], packages_ignore=None, packages_ignore_regex=None, paths=None, packages_up_to=None, packages_up_to_regex=None, packages_above=None, packages_above_and_dependencies=None, packages_above_depth=None, packages_select_by_dep=None, packages_skip_by_dep=None, packages_skip_up_to=None, packages_select_build_failed=False, packages_skip_build_finished=False, packages_select_test_failures=False, packages_skip_test_passed=False, packages_select=['mars_rover_navigation'], packages_skip=None, packages_select_regex=None, packages_skip_regex=None, packages_start=None, packages_end=None, allow_overriding=[], cmake_args=None, cmake_target=None, cmake_target_skip_unavailable=False, cmake_clean_cache=False, cmake_clean_first=False, cmake_force_configure=False, ament_cmake_args=None, catkin_cmake_args=None, catkin_skip_building_tests=False, mixin_files=None, mixin=None, verb_parser=<colcon_mixin.mixin.mixin_argument.MixinArgumentDecorator object at 0x75f43e21c5f0>, verb_extension=<colcon_core.verb.build.BuildVerb object at 0x75f43e21c110>, main=<bound method BuildVerb.main of <colcon_core.verb.build.BuildVerb object at 0x75f43e21c110>>, mixin_verb=('build',))
[1.521s] Level 1:colcon.colcon_core.package_discovery:discover_packages(colcon_meta) check parameters
[1.521s] Level 1:colcon.colcon_core.package_discovery:discover_packages(recursive) check parameters
[1.521s] Level 1:colcon.colcon_core.package_discovery:discover_packages(ignore) check parameters
[1.521s] Level 1:colcon.colcon_core.package_discovery:discover_packages(path) check parameters
[1.521s] Level 1:colcon.colcon_core.package_discovery:discover_packages(colcon_meta) discover
[1.521s] Level 1:colcon.colcon_core.package_discovery:discover_packages(recursive) discover
[1.521s] INFO:colcon.colcon_core.package_discovery:Crawling recursively for packages in '/home/farhan/mars_nav/src'
[1.522s] Level 1:colcon.colcon_core.package_identification:_identify(.) by extensions ['ignore', 'ignore_ament_install']
[1.522s] Level 1:colcon.colcon_core.package_identification:_identify(.) by extension 'ignore'
[1.522s] Level 1:colcon.colcon_core.package_identification:_identify(.) by extension 'ignore_ament_install'
[1.522s] Level 1:colcon.colcon_core.package_identification:_identify(.) by extensions ['colcon_pkg']
[1.522s] Level 1:colcon.colcon_core.package_identification:_identify(.) by extension 'colcon_pkg'
[1.522s] Level 1:colcon.colcon_core.package_identification:_identify(.) by extensions ['colcon_meta']
[1.522s] Level 1:colcon.colcon_core.package_identification:_identify(.) by extension 'colcon_meta'
[1.522s] Level 1:colcon.colcon_core.package_identification:_identify(.) by extensions ['ros']
[1.523s] Level 1:colcon.colcon_core.package_identification:_identify(.) by extension 'ros'
[1.624s] Level 1:colcon.colcon_core.package_identification:_identify(.) by extensions ['cmake', 'python']
[1.625s] Level 1:colcon.colcon_core.package_identification:_identify(.) by extension 'cmake'
[1.625s] Level 1:colcon.colcon_core.package_identification:_identify(.) by extension 'python'
[1.625s] Level 1:colcon.colcon_core.package_identification:_identify(.) by extensions ['python_setup_py']
[1.625s] Level 1:colcon.colcon_core.package_identification:_identify(.) by extension 'python_setup_py'
[1.626s] Level 1:colcon.colcon_core.package_identification:_identify(build) by extensions ['ignore', 'ignore_ament_install']
[1.626s] Level 1:colcon.colcon_core.package_identification:_identify(build) by extension 'ignore'
[1.626s] Level 1:colcon.colcon_core.package_identification:_identify(build) ignored
[1.626s] Level 1:colcon.colcon_core.package_identification:_identify(install) by extensions ['ignore', 'ignore_ament_install']
[1.627s] Level 1:colcon.colcon_core.package_identification:_identify(install) by extension 'ignore'
[1.627s] Level 1:colcon.colcon_core.package_identification:_identify(install) ignored
[1.627s] Level 1:colcon.colcon_core.package_identification:_identify(log) by extensions ['ignore', 'ignore_ament_install']
[1.627s] Level 1:colcon.colcon_core.package_identification:_identify(log) by extension 'ignore'
[1.628s] Level 1:colcon.colcon_core.package_identification:_identify(log) ignored
[1.628s] Level 1:colcon.colcon_core.package_identification:_identify(mars_rover_navigation) by extensions ['ignore', 'ignore_ament_install']
[1.628s] Level 1:colcon.colcon_core.package_identification:_identify(mars_rover_navigation) by extension 'ignore'
[1.628s] Level 1:colcon.colcon_core.package_identification:_identify(mars_rover_navigation) by extension 'ignore_ament_install'
[1.629s] Level 1:colcon.colcon_core.package_identification:_identify(mars_rover_navigation) by extensions ['colcon_pkg']
[1.629s] Level 1:colcon.colcon_core.package_identification:_identify(mars_rover_navigation) by extension 'colcon_pkg'
[1.629s] Level 1:colcon.colcon_core.package_identification:_identify(mars_rover_navigation) by extensions ['colcon_meta']
[1.629s] Level 1:colcon.colcon_core.package_identification:_identify(mars_rover_navigation) by extension 'colcon_meta'
[1.629s] Level 1:colcon.colcon_core.package_identification:_identify(mars_rover_navigation) by extensions ['ros']
[1.629s] Level 1:colcon.colcon_core.package_identification:_identify(mars_rover_navigation) by extension 'ros'
[1.658s] DEBUG:colcon.colcon_core.package_identification:Package 'mars_rover_navigation' with type 'ros.ament_cmake' and name 'mars_rover_navigation'
[1.658s] Level 1:colcon.colcon_core.package_discovery:discover_packages(recursive) using defaults
[1.659s] Level 1:colcon.colcon_core.package_discovery:discover_packages(ignore) discover
[1.659s] Level 1:colcon.colcon_core.package_discovery:discover_packages(ignore) using defaults
[1.659s] Level 1:colcon.colcon_core.package_discovery:discover_packages(path) discover
[1.659s] Level 1:colcon.colcon_core.package_discovery:discover_packages(path) using defaults
[1.721s] Level 1:colcon.colcon_core.package_discovery:discover_packages(prefix_path) check parameters
[1.721s] Level 1:colcon.colcon_core.package_discovery:discover_packages(prefix_path) discover
[1.740s] DEBUG:colcon.colcon_installed_package_information.package_discovery:Found 3 installed packages in /home/farhan/turtlebot3_ws/install
[1.747s] DEBUG:colcon.colcon_installed_package_information.package_discovery:Found 481 installed packages in /opt/ros/jazzy
[1.751s] Level 1:colcon.colcon_core.package_discovery:discover_packages(prefix_path) using defaults
[2.032s] Level 5:colcon.colcon_core.verb:set package 'mars_rover_navigation' build argument 'cmake_args' from command line to 'None'
[2.032s] Level 5:colcon.colcon_core.verb:set package 'mars_rover_navigation' build argument 'cmake_target' from command line to 'None'
[2.033s] Level 5:colcon.colcon_core.verb:set package 'mars_rover_navigation' build argument 'cmake_target_skip_unavailable' from command line to 'False'
[2.033s] Level 5:colcon.colcon_core.verb:set package 'mars_rover_navigation' build argument 'cmake_clean_cache' from command line to 'False'
[2.033s] Level 5:colcon.colcon_core.verb:set package 'mars_rover_navigation' build argument 'cmake_clean_first' from command line to 'False'
[2.033s] Level 5:colcon.colcon_core.verb:set package 'mars_rover_navigation' build argument 'cmake_force_configure' from command line to 'False'
[2.033s] Level 5:colcon.colcon_core.verb:set package 'mars_rover_navigation' build argument 'ament_cmake_args' from command line to 'None'
[2.033s] Level 5:colcon.colcon_core.verb:set package 'mars_rover_navigation' build argument 'catkin_cmake_args' from command line to 'None'
[2.033s] Level 5:colcon.colcon_core.verb:set package 'mars_rover_navigation' build argument 'catkin_skip_building_tests' from command line to 'False'
[2.033s] DEBUG:colcon.colcon_core.verb:Building package 'mars_rover_navigation' with the following arguments: {'ament_cmake_args': None, 'build_base': '/home/farhan/mars_nav/src/build/mars_rover_navigation', 'catkin_cmake_args': None, 'catkin_skip_building_tests': False, 'cmake_args': None, 'cmake_clean_cache': False, 'cmake_clean_first': False, 'cmake_force_configure': False, 'cmake_target': None, 'cmake_target_skip_unavailable': False, 'install_base': '/home/farhan/mars_nav/src/install/mars_rover_navigation', 'merge_install': False, 'path': '/home/farhan/mars_nav/src/mars_rover_navigation', 'symlink_install': False, 'test_result_base': None}
[2.033s] INFO:colcon.colcon_core.executor:Executing jobs using 'parallel' executor
[2.035s] DEBUG:colcon.colcon_parallel_executor.executor.parallel:run_until_complete
[2.035s] INFO:colcon.colcon_ros.task.ament_cmake.build:Building ROS package in '/home/farhan/mars_nav/src/mars_rover_navigation' with build type 'ament_cmake'
[2.036s] INFO:colcon.colcon_cmake.task.cmake.build:Building CMake package in '/home/farhan/mars_nav/src/mars_rover_navigation'
[2.053s] INFO:colcon.colcon_core.plugin_system:Skipping extension 'colcon_core.shell.bat': Not used on non-Windows systems
[2.053s] INFO:colcon.colcon_core.shell:Skip shell extension 'powershell' for command environment: Not usable outside of PowerShell
[2.053s] DEBUG:colcon.colcon_core.shell:Skip shell extension 'dsv' for command environment
[2.072s] DEBUG:colcon.colcon_core.event_handler.log_command:Invoking command in '/home/farhan/mars_nav/src/build/mars_rover_navigation': CMAKE_PREFIX_PATH=${CMAKE_PREFIX_PATH}:/opt/ros/jazzy DEBUGINFOD_URLS=https://debuginfod.ubuntu.com /usr/bin/cmake /home/farhan/mars_nav/src/mars_rover_navigation -DCMAKE_INSTALL_PREFIX=/home/farhan/mars_nav/src/install/mars_rover_navigation
[2.172s] DEBUG:colcon.colcon_core.event_handler.log_command:Invoked command in '/home/farhan/mars_nav/src/build/mars_rover_navigation' returned '1': CMAKE_PREFIX_PATH=${CMAKE_PREFIX_PATH}:/opt/ros/jazzy DEBUGINFOD_URLS=https://debuginfod.ubuntu.com /usr/bin/cmake /home/farhan/mars_nav/src/mars_rover_navigation -DCMAKE_INSTALL_PREFIX=/home/farhan/mars_nav/src/install/mars_rover_navigation
[2.173s] Level 1:colcon.colcon_core.environment:create_environment_scripts_only(mars_rover_navigation)
[2.202s] Level 1:colcon.colcon_core.environment:checking '/home/farhan/mars_nav/src/install/mars_rover_navigation' for CMake module files
[2.203s] Level 1:colcon.colcon_core.environment:checking '/home/farhan/mars_nav/src/install/mars_rover_navigation' for CMake config files
[2.204s] Level 1:colcon.colcon_core.environment:checking '/home/farhan/mars_nav/src/install/mars_rover_navigation/bin'
[2.205s] Level 1:colcon.colcon_core.environment:checking '/home/farhan/mars_nav/src/install/mars_rover_navigation/lib/pkgconfig/mars_rover_navigation.pc'
[2.206s] Level 1:colcon.colcon_core.environment:checking '/home/farhan/mars_nav/src/install/mars_rover_navigation/lib/python3.12/site-packages'
[2.207s] Level 1:colcon.colcon_core.environment:checking '/home/farhan/mars_nav/src/install/mars_rover_navigation/bin'
[2.207s] INFO:colcon.colcon_core.shell:Creating package script '/home/farhan/mars_nav/src/install/mars_rover_navigation/share/mars_rover_navigation/package.ps1'
[2.211s] INFO:colcon.colcon_core.shell:Creating package descriptor '/home/farhan/mars_nav/src/install/mars_rover_navigation/share/mars_rover_navigation/package.dsv'
[2.213s] INFO:colcon.colcon_core.shell:Creating package script '/home/farhan/mars_nav/src/install/mars_rover_navigation/share/mars_rover_navigation/package.sh'
[2.216s] INFO:colcon.colcon_core.shell:Creating package script '/home/farhan/mars_nav/src/install/mars_rover_navigation/share/mars_rover_navigation/package.bash'
[2.219s] INFO:colcon.colcon_core.shell:Creating package script '/home/farhan/mars_nav/src/install/mars_rover_navigation/share/mars_rover_navigation/package.zsh'
[2.222s] Level 1:colcon.colcon_core.environment:create_file_with_runtime_dependencies(/home/farhan/mars_nav/src/install/mars_rover_navigation/share/colcon-core/packages/mars_rover_navigation)
[2.234s] DEBUG:colcon.colcon_parallel_executor.executor.parallel:closing loop
[2.235s] DEBUG:colcon.colcon_parallel_executor.executor.parallel:loop closed
[2.236s] DEBUG:colcon.colcon_parallel_executor.executor.parallel:run_until_complete finished with '1'
[2.236s] DEBUG:colcon.colcon_core.event_reactor:joining thread
[2.285s] INFO:colcon.colcon_core.plugin_system:Skipping extension 'colcon_notification.desktop_notification.terminal_notifier': Not used on non-Darwin systems
[2.286s] INFO:colcon.colcon_core.plugin_system:Skipping extension 'colcon_notification.desktop_notification.win32': Not used on non-Windows systems
[2.286s] INFO:colcon.colcon_notification.desktop_notification:Sending desktop notification using 'notify2'
[2.326s] DEBUG:colcon.colcon_core.event_reactor:joined thread
[2.327s] INFO:colcon.colcon_core.shell:Creating prefix script '/home/farhan/mars_nav/src/install/local_setup.ps1'
[2.329s] INFO:colcon.colcon_core.shell:Creating prefix util module '/home/farhan/mars_nav/src/install/_local_setup_util_ps1.py'
[2.332s] INFO:colcon.colcon_core.shell:Creating prefix chain script '/home/farhan/mars_nav/src/install/setup.ps1'
[2.336s] INFO:colcon.colcon_core.shell:Creating prefix script '/home/farhan/mars_nav/src/install/local_setup.sh'
[2.365s] INFO:colcon.colcon_core.shell:Creating prefix util module '/home/farhan/mars_nav/src/install/_local_setup_util_sh.py'
[2.367s] INFO:colcon.colcon_core.shell:Creating prefix chain script '/home/farhan/mars_nav/src/install/setup.sh'
[2.372s] INFO:colcon.colcon_core.shell:Creating prefix script '/home/farhan/mars_nav/src/install/local_setup.bash'
[2.375s] INFO:colcon.colcon_core.shell:Creating prefix chain script '/home/farhan/mars_nav/src/install/setup.bash'
[2.381s] INFO:colcon.colcon_core.shell:Creating prefix script '/home/farhan/mars_nav/src/install/local_setup.zsh'
[2.385s] INFO:colcon.colcon_core.shell:Creating prefix chain script '/home/farhan/mars_nav/src/install/setup.zsh'
